[2026-05-17 21:55:51.960] [info] Using configuration file /home/rik/.config/waybar/config
[2026-05-17 21:55:51.963] [info] Unable to receive desktop appearance: GDBus.Error:org.freedesktop.DBus.Error.UnknownMethod: No such interface “org.freedesktop.portal.Settings” on object at path /org/freedesktop/portal/desktop
[2026-05-17 21:55:51.963] [info] Using CSS file /home/rik/.config/waybar/style.css
[2026-05-17 21:55:51.970] [info] Hyprland IPC starting
[2026-05-17 21:55:51.970] [info] Loading persistent workspaces from Hyprland workspace rules
Discharging
[2026-05-17 21:55:52.106] [warning] Requested height: 18 is less than the minimum height: 26 required by the modules
[2026-05-17 21:55:52.107] [info] Bar configured (width: 1920, height: 26) for output: eDP-1
[2026-05-17 21:55:56.304] [info] Bar configured (width: 1964, height: 26) for output: eDP-1
[2026-05-17 21:55:57.644] [info] Bar configured (width: 1920, height: 26) for output: eDP-1
[2026-05-17 21:55:58.332] [info] Bar configured (width: 1964, height: 26) for output: eDP-1
[2026-05-17 21:55:59.053] [info] Bar configured (width: 1920, height: 26) for output: eDP-1
[2026-05-17 21:56:01.657] [info] Bar configured (width: 2172, height: 26) for output: eDP-1
[2026-05-17 21:56:01.970] [info] Bar configured (width: 2046, height: 26) for output: eDP-1
[2026-05-17 21:56:02.507] [info] Bar configured (width: 2172, height: 26) for output: eDP-1
[2026-05-17 21:56:03.558] [info] Bar configured (width: 1920, height: 26) for output: eDP-1

(nm-connection-editor:15920): Gtk-CRITICAL **: 21:56:06.140: gtk_tree_model_sort_set_sort_column_id: assertion 'priv->default_sort_func != NULL' failed
Discharging
[2026-05-17 21:56:12.424] [info] Bar configured (width: 1930, height: 26) for output: eDP-1
[2026-05-17 21:56:12.974] [info] Bar configured (width: 1920, height: 26) for output: eDP-1
[2026-05-17 21:56:13.530] [info] Bar configured (width: 1930, height: 26) for output: eDP-1
[2026-05-17 21:56:14.017] [info] Bar configured (width: 1920, height: 26) for output: eDP-1
[2026-05-17 21:56:16.536] [info] Bar configured (width: 1930, height: 26) for output: eDP-1
[2026-05-17 21:56:17.387] [info] Bar configured (width: 1920, height: 26) for output: eDP-1
[2026-05-17 21:56:20.641] [info] Bar configured (width: 2138, height: 26) for output: eDP-1
[2026-05-17 21:56:20.902] [info] Bar configured (width: 2012, height: 26) for output: eDP-1
[2026-05-17 21:56:21.011] [info] Bar configured (width: 2138, height: 26) for output: eDP-1
** Message: 21:56:24.421: Cannot save connection due to error: Invalid setting Wi-Fi: 802-11-wireless.ssid: property is missing
[2026-05-17 21:56:24.477] [info] Bar configured (width: 1920, height: 26) for output: eDP-1
[2026-05-17 21:56:24.510] [info] Bar configured (width: 2138, height: 26) for output: eDP-1
[2026-05-17 21:56:27.829] [info] Bar configured (width: 1920, height: 26) for output: eDP-1

(waybar:15848): Gtk-WARNING **: 22:07:25.114: Failed to set text '1:  google-chrome: J&J is hiring for a computer vision engineer role. make a company profile that... - Google Chrome' from markup due to error parsing markup: Error on line 1: Entity did not end with a semicolon; most likely you used an ampersand character without intending to start an entity — escape ampersand as &amp;

(waybar:15848): Gtk-WARNING **: 22:07:25.116: Failed to set text '1:  google-chrome: J&J is hiring for a computer vision engineer role. make a company profile that... - Google Chrome' from markup due to error parsing markup: Error on line 1: Entity did not end with a semicolon; most likely you used an ampersand character without intending to start an entity — escape ampersand as &amp;

(waybar:15848): Gtk-WARNING **: 22:07:26.292: Failed to set text '1:  google-chrome: J&J is hiring for a computer vision engineer role. make a company profile that... - Google Chrome' from markup due to error parsing markup: Error on line 1: Entity did not end with a semicolon; most likely you used an ampersand character without intending to start an entity — escape ampersand as &amp;

(waybar:15848): Gtk-WARNING **: 22:07:26.293: Failed to set text '1:  google-chrome: J&J is hiring for a computer vision engineer role. make a company profile that... - Google Chrome' from markup due to error parsing markup: Error on line 1: Entity did not end with a semicolon; most likely you used an ampersand character without intending to start an entity — escape ampersand as &amp;

(waybar:15848): Gtk-WARNING **: 22:07:26.294: Failed to set text '1:  google-chrome: J&J is hiring for a computer vision engineer role. make a company profile that... - Google Chrome' from markup due to error parsing markup: Error on line 1: Entity did not end with a semicolon; most likely you used an ampersand character without intending to start an entity — escape ampersand as &amp;

(waybar:15848): Gtk-WARNING **: 22:07:30.443: Failed to set text '1:  google-chrome: J&J is hiring for a computer vision engineer role. make a company profile that... - Google Chrome' from markup due to error parsing markup: Error on line 1: Entity did not end with a semicolon; most likely you used an ampersand character without intending to start an entity — escape ampersand as &amp;

(waybar:15848): Gtk-WARNING **: 22:07:30.444: Failed to set text '1:  google-chrome: J&J is hiring for a computer vision engineer role. make a company profile that... - Google Chrome' from markup due to error parsing markup: Error on line 1: Entity did not end with a semicolon; most likely you used an ampersand character without intending to start an entity — escape ampersand as &amp;

(waybar:15848): Gtk-WARNING **: 22:07:30.445: Failed to set text '1:  google-chrome: J&J is hiring for a computer vision engineer role. make a company profile that... - Google Chrome' from markup due to error parsing markup: Error on line 1: Entity did not end with a semicolon; most likely you used an ampersand character without intending to start an entity — escape ampersand as &amp;

(waybar:15848): Gtk-WARNING **: 22:07:31.188: Failed to set text '1:  google-chrome: J&J is hiring for a computer vision engineer role. make a company profile that... - Google Chrome' from markup due to error parsing markup: Error on line 1: Entity did not end with a semicolon; most likely you used an ampersand character without intending to start an entity — escape ampersand as &amp;

(waybar:15848): Gtk-WARNING **: 22:07:31.189: Failed to set text '1:  google-chrome: J&J is hiring for a computer vision engineer role. make a company profile that... - Google Chrome' from markup due to error parsing markup: Error on line 1: Entity did not end with a semicolon; most likely you used an ampersand character without intending to start an entity — escape ampersand as &amp;

(waybar:15848): Gtk-WARNING **: 22:07:31.191: Failed to set text '1:  google-chrome: J&J is hiring for a computer vision engineer role. make a company profile that... - Google Chrome' from markup due to error parsing markup: Error on line 1: Entity did not end with a semicolon; most likely you used an ampersand character without intending to start an entity — escape ampersand as &amp;

(waybar:15848): Gtk-WARNING **: 22:08:28.758: Failed to set text '1:  google-chrome: J&J is hiring for a computer vision engineer role. make a company profile that... - Google Chrome' from markup due to error parsing markup: Error on line 1: Entity did not end with a semicolon; most likely you used an ampersand character without intending to start an entity — escape ampersand as &amp;

(waybar:15848): Gtk-WARNING **: 22:08:28.760: Failed to set text '1:  google-chrome: J&J is hiring for a computer vision engineer role. make a company profile that... - Google Chrome' from markup due to error parsing markup: Error on line 1: Entity did not end with a semicolon; most likely you used an ampersand character without intending to start an entity — escape ampersand as &amp;

(waybar:15848): Gtk-WARNING **: 22:08:28.760: Failed to set text '1:  google-chrome: J&J is hiring for a computer vision engineer role. make a company profile that... - Google Chrome' from markup due to error parsing markup: Error on line 1: Entity did not end with a semicolon; most likely you used an ampersand character without intending to start an entity — escape ampersand as &amp;

(waybar:15848): Gtk-WARNING **: 22:08:35.143: Failed to set text '1:  google-chrome: J&J is hiring for a computer vision engineer role. make a company profile that... - Google Chrome' from markup due to error parsing markup: Error on line 1: Entity did not end with a semicolon; most likely you used an ampersand character without intending to start an entity — escape ampersand as &amp;

(waybar:15848): Gtk-WARNING **: 22:08:35.144: Failed to set text '1:  google-chrome: J&J is hiring for a computer vision engineer role. make a company profile that... - Google Chrome' from markup due to error parsing markup: Error on line 1: Entity did not end with a semicolon; most likely you used an ampersand character without intending to start an entity — escape ampersand as &amp;

(waybar:15848): Gtk-WARNING **: 22:08:35.145: Failed to set text '1:  google-chrome: J&J is hiring for a computer vision engineer role. make a company profile that... - Google Chrome' from markup due to error parsing markup: Error on line 1: Entity did not end with a semicolon; most likely you used an ampersand character without intending to start an entity — escape ampersand as &amp;

(waybar:15848): Gtk-WARNING **: 22:08:43.323: Failed to set text '1:  google-chrome: J&J is hiring for a computer vision engineer role. make a company profile that... - Google Chrome' from markup due to error parsing markup: Error on line 1: Entity did not end with a semicolon; most likely you used an ampersand character without intending to start an entity — escape ampersand as &amp;

(waybar:15848): Gtk-WARNING **: 22:08:43.327: Failed to set text '1:  google-chrome: J&J is hiring for a computer vision engineer role. make a company profile that... - Google Chrome' from markup due to error parsing markup: Error on line 1: Entity did not end with a semicolon; most likely you used an ampersand character without intending to start an entity — escape ampersand as &amp;

(waybar:15848): Gtk-WARNING **: 22:08:43.328: Failed to set text '1:  google-chrome: J&J is hiring for a computer vision engineer role. make a company profile that... - Google Chrome' from markup due to error parsing markup: Error on line 1: Entity did not end with a semicolon; most likely you used an ampersand character without intending to start an entity — escape ampersand as &amp;

(waybar:15848): Gtk-WARNING **: 22:10:20.732: Failed to set text '1:  google-chrome: J&J is hiring for a computer vision engineer role. make a company profile that... - Google Chrome' from markup due to error parsing markup: Error on line 1: Entity did not end with a semicolon; most likely you used an ampersand character without intending to start an entity — escape ampersand as &amp;

(waybar:15848): Gtk-WARNING **: 22:10:22.301: Failed to set text '1:  google-chrome: J&J is hiring for a computer vision engineer role. make a company profile that... - Google Chrome' from markup due to error parsing markup: Error on line 1: Entity did not end with a semicolon; most likely you used an ampersand character without intending to start an entity — escape ampersand as &amp;

(waybar:15848): Gtk-WARNING **: 22:10:22.302: Failed to set text '1:  google-chrome: J&J is hiring for a computer vision engineer role. make a company profile that... - Google Chrome' from markup due to error parsing markup: Error on line 1: Entity did not end with a semicolon; most likely you used an ampersand character without intending to start an entity — escape ampersand as &amp;

(waybar:15848): Gtk-WARNING **: 22:10:23.509: Failed to set text '1:  google-chrome: J&J is hiring for a computer vision engineer role. make a company profile that... - Google Chrome' from markup due to error parsing markup: Error on line 1: Entity did not end with a semicolon; most likely you used an ampersand character without intending to start an entity — escape ampersand as &amp;

(waybar:15848): Gtk-WARNING **: 22:10:23.510: Failed to set text '1:  google-chrome: J&J is hiring for a computer vision engineer role. make a company profile that... - Google Chrome' from markup due to error parsing markup: Error on line 1: Entity did not end with a semicolon; most likely you used an ampersand character without intending to start an entity — escape ampersand as &amp;

(waybar:15848): Gtk-WARNING **: 22:10:23.511: Failed to set text '1:  google-chrome: J&J is hiring for a computer vision engineer role. make a company profile that... - Google Chrome' from markup due to error parsing markup: Error on line 1: Entity did not end with a semicolon; most likely you used an ampersand character without intending to start an entity — escape ampersand as &amp;

(waybar:15848): Gtk-WARNING **: 22:10:24.228: Failed to set text '1:  google-chrome: J&J is hiring for a computer vision engineer role. make a company profile that... - Google Chrome' from markup due to error parsing markup: Error on line 1: Entity did not end with a semicolon; most likely you used an ampersand character without intending to start an entity — escape ampersand as &amp;

(waybar:15848): Gtk-WARNING **: 22:10:24.229: Failed to set text '1:  google-chrome: J&J is hiring for a computer vision engineer role. make a company profile that... - Google Chrome' from markup due to error parsing markup: Error on line 1: Entity did not end with a semicolon; most likely you used an ampersand character without intending to start an entity — escape ampersand as &amp;

(waybar:15848): Gtk-WARNING **: 22:10:24.232: Failed to set text '1:  google-chrome: J&J is hiring for a computer vision engineer role. make a company profile that... - Google Chrome' from markup due to error parsing markup: Error on line 1: Entity did not end with a semicolon; most likely you used an ampersand character without intending to start an entity — escape ampersand as &amp;

(waybar:15848): Gtk-WARNING **: 22:10:25.014: Failed to set text '1:  google-chrome: J&J is hiring for a computer vision engineer role. make a company profile that... - Google Chrome' from markup due to error parsing markup: Error on line 1: Entity did not end with a semicolon; most likely you used an ampersand character without intending to start an entity — escape ampersand as &amp;

(waybar:15848): Gtk-WARNING **: 22:10:25.015: Failed to set text '1:  google-chrome: J&J is hiring for a computer vision engineer role. make a company profile that... - Google Chrome' from markup due to error parsing markup: Error on line 1: Entity did not end with a semicolon; most likely you used an ampersand character without intending to start an entity — escape ampersand as &amp;

(waybar:15848): Gtk-WARNING **: 22:10:25.625: Failed to set text '1:  google-chrome: J&J is hiring for a computer vision engineer role. make a company profile that... - Google Chrome' from markup due to error parsing markup: Error on line 1: Entity did not end with a semicolon; most likely you used an ampersand character without intending to start an entity — escape ampersand as &amp;

(waybar:15848): Gtk-WARNING **: 22:10:25.626: Failed to set text '1:  google-chrome: J&J is hiring for a computer vision engineer role. make a company profile that... - Google Chrome' from markup due to error parsing markup: Error on line 1: Entity did not end with a semicolon; most likely you used an ampersand character without intending to start an entity — escape ampersand as &amp;

(waybar:15848): Gtk-WARNING **: 22:10:26.033: Failed to set text '1:  google-chrome: J&J is hiring for a computer vision engineer role. make a company profile that... - Google Chrome' from markup due to error parsing markup: Error on line 1: Entity did not end with a semicolon; most likely you used an ampersand character without intending to start an entity — escape ampersand as &amp;

(waybar:15848): Gtk-WARNING **: 22:10:26.111: Failed to set text '1:  google-chrome: J&J is hiring for a computer vision engineer role. make a company profile that... - Google Chrome' from markup due to error parsing markup: Error on line 1: Entity did not end with a semicolon; most likely you used an ampersand character without intending to start an entity — escape ampersand as &amp;

(waybar:15848): Gtk-WARNING **: 22:10:26.366: Failed to set text '1:  google-chrome: J&J is hiring for a computer vision engineer role. make a company profile that... - Google Chrome' from markup due to error parsing markup: Error on line 1: Entity did not end with a semicolon; most likely you used an ampersand character without intending to start an entity — escape ampersand as &amp;

(waybar:15848): Gtk-WARNING **: 22:10:26.438: Failed to set text '1:  google-chrome: J&J is hiring for a computer vision engineer role. make a company profile that... - Google Chrome' from markup due to error parsing markup: Error on line 1: Entity did not end with a semicolon; most likely you used an ampersand character without intending to start an entity — escape ampersand as &amp;

(waybar:15848): Gtk-WARNING **: 22:10:59.490: Failed to set text '1:  google-chrome: J&J is hiring for a computer vision engineer role. make a company profile that... - Google Chrome' from markup due to error parsing markup: Error on line 1: Entity did not end with a semicolon; most likely you used an ampersand character without intending to start an entity — escape ampersand as &amp;
Discharging
Discharging
Discharging
Discharging
Discharging
Discharging
Discharging
Discharging
Discharging
Discharging
Discharging
Discharging
Discharging
Discharging
Discharging
Discharging
Discharging
Discharging
Discharging
Discharging
Discharging
Discharging
Discharging
Discharging
Discharging
Discharging
Discharging
Discharging
Discharging
Discharging
Discharging
Discharging
Discharging
Discharging
Discharging
Discharging
Discharging
Discharging
Discharging
Discharging
Discharging
Discharging
Discharging
Discharging
Discharging
[2026-05-17 22:41:45.758] [info] Bar configured (width: 1996, height: 26) for output: eDP-1
[2026-05-17 22:41:46.420] [info] Bar configured (width: 2521, height: 26) for output: eDP-1
[2026-05-17 22:41:47.543] [info] Bar configured (width: 1920, height: 26) for output: eDP-1
Discharging
Discharging
Discharging
Discharging
Discharging
[2026-05-17 22:46:16.636] [info] Bar configured (width: 2486, height: 26) for output: eDP-1
[2026-05-17 22:46:18.525] [info] Bar configured (width: 1920, height: 26) for output: eDP-1
[2026-05-17 22:46:22.408] [info] Bar configured (width: 1925, height: 26) for output: eDP-1
[2026-05-17 22:46:25.982] [info] Bar configured (width: 1920, height: 26) for output: eDP-1
[2026-05-17 22:46:26.943] [info] Bar configured (width: 1925, height: 26) for output: eDP-1
[2026-05-17 22:46:35.936] [info] Bar configured (width: 1920, height: 26) for output: eDP-1
[2026-05-17 22:46:38.404] [info] Bar configured (width: 1925, height: 26) for output: eDP-1
[2026-05-17 22:46:40.557] [info] Bar configured (width: 1920, height: 26) for output: eDP-1
[2026-05-17 22:46:44.543] [info] Bar configured (width: 1925, height: 26) for output: eDP-1
Discharging
[2026-05-17 22:47:11.001] [info] Bar configured (width: 1923, height: 26) for output: eDP-1
[2026-05-17 22:47:12.001] [info] Bar configured (width: 1925, height: 26) for output: eDP-1
[2026-05-17 22:47:33.878] [info] Bar configured (width: 1920, height: 26) for output: eDP-1
[2026-05-17 22:47:41.171] [info] Bar configured (width: 1925, height: 26) for output: eDP-1
Discharging
[2026-05-17 22:48:11.001] [info] Bar configured (width: 1923, height: 26) for output: eDP-1
[2026-05-17 22:48:12.001] [info] Bar configured (width: 1925, height: 26) for output: eDP-1
Discharging
[2026-05-17 22:49:11.001] [info] Bar configured (width: 1923, height: 26) for output: eDP-1
[2026-05-17 22:49:12.001] [info] Bar configured (width: 1925, height: 26) for output: eDP-1
[2026-05-17 22:49:35.245] [info] Bar configured (width: 1920, height: 26) for output: eDP-1
[2026-05-17 22:49:39.685] [info] Bar configured (width: 1925, height: 26) for output: eDP-1
[2026-05-17 22:49:42.789] [info] Bar configured (width: 1920, height: 26) for output: eDP-1
[2026-05-17 22:49:44.423] [info] Bar configured (width: 1925, height: 26) for output: eDP-1
Discharging
[2026-05-17 22:49:53.507] [info] Bar configured (width: 1920, height: 26) for output: eDP-1
[2026-05-17 22:49:55.664] [info] Bar configured (width: 1925, height: 26) for output: eDP-1
[2026-05-17 22:50:02.043] [info] Bar configured (width: 1920, height: 26) for output: eDP-1
sh: line 1: activate: command not found
[2026-05-17 22:50:12.161] [info] Bar configured (width: 1925, height: 26) for output: eDP-1
